<?xml version="1.0" encoding="UTF-8"?>
<!-- Generated by org.testng.reporters.JUnitReportReporter -->
<testsuite hostname="meldas-MacBook-Pro.local" failures="0" tests="2" name="scripts.TechGlobalFrontendTestingHomeTest" time="7.067" errors="0" timestamp="2023-01-16T19:19:26 CST" skipped="0">
  <testcase classname="scripts.TechGlobalFrontendTestingHomeTest" name="validate_allCards" time="4.075"/>
  <system-out/>
  <testcase classname="scripts.TechGlobalFrontendTestingHomeTest" name="validateFrontendTestingURL" time="2.992"/>
  <system-out/>
</testsuite> <!-- scripts.TechGlobalFrontendTestingHomeTest -->
