<?xml version="1.0" encoding="UTF-8"?>
<!-- Generated by org.testng.reporters.JUnitReportReporter -->
<testsuite hostname="meldas-MacBook-Pro.local" failures="0" tests="1" name="scripts.TechGlobalCheckBoxTest" time="3.648" errors="0" timestamp="2023-01-22T22:22:42 CST" skipped="0">
  <testcase classname="scripts.TechGlobalCheckBoxTest" name="checkboxTest" time="3.648"/>
  <system-out/>
</testsuite> <!-- scripts.TechGlobalCheckBoxTest -->
