<?xml version="1.0" encoding="UTF-8"?>
<!-- Generated by org.testng.reporters.JUnitReportReporter -->
<testsuite hostname="meldas-MacBook-Pro.local" failures="0" tests="1" name="scripts.TechGlobalLogoTest" time="5.688" errors="0" timestamp="2023-01-16T19:19:26 CST" skipped="0">
  <testcase classname="scripts.TechGlobalLogoTest" name="validateTechGlobalLogo" time="5.688"/>
  <system-out/>
</testsuite> <!-- scripts.TechGlobalLogoTest -->
