<?xml version="1.0" encoding="UTF-8"?>
<!-- Generated by org.testng.reporters.JUnitReportReporter -->
<testsuite hostname="meldas-MacBook-Pro.local" failures="0" tests="2" name="scripts.TechGlobalHeaderTest" time="8.663" errors="0" timestamp="2023-01-16T19:19:26 CST" skipped="0">
  <testcase classname="scripts.TechGlobalHeaderTest" name="validateTechGlobalLogo" time="2.773"/>
  <system-out/>
  <testcase classname="scripts.TechGlobalHeaderTest" name="validateTechGlobalHeaderDropdown" time="5.890"/>
  <system-out/>
</testsuite> <!-- scripts.TechGlobalHeaderTest -->
