<?xml version="1.0" encoding="UTF-8"?>
<!-- Generated by org.testng.reporters.JUnitReportReporter -->
<testsuite hostname="meldas-MacBook-Pro.local" failures="0" tests="2" name="scripts.TechGlobalFrontendTestingHomeTest" time="7.761" errors="0" timestamp="2023-01-22T22:22:42 CST" skipped="0">
  <testcase classname="scripts.TechGlobalFrontendTestingHomeTest" name="validate_allCards" time="4.101"/>
  <system-out/>
  <testcase classname="scripts.TechGlobalFrontendTestingHomeTest" name="validateFrontendTestingURL" time="3.660"/>
  <system-out/>
</testsuite> <!-- scripts.TechGlobalFrontendTestingHomeTest -->
