<?xml version="1.0" encoding="UTF-8"?>
<!-- Generated by org.testng.reporters.JUnitReportReporter -->
<testsuite hostname="meldas-MacBook-Pro.local" failures="0" tests="1" name="scripts.TechGlobalWaitsTest" time="48.538" errors="0" timestamp="2023-01-22T22:22:42 CST" skipped="0">
  <testcase classname="scripts.TechGlobalWaitsTest" name="implementWaits" time="48.538"/>
  <system-out/>
</testsuite> <!-- scripts.TechGlobalWaitsTest -->
