<?xml version="1.0" encoding="UTF-8"?>
<!-- Generated by org.testng.reporters.JUnitReportReporter -->
<testsuite hostname="meldas-MacBook-Pro.local" failures="0" tests="1" name="scripts.TechGlobalRadioButtonTest" time="3.731" errors="0" timestamp="2023-01-22T22:22:42 CST" skipped="0">
  <testcase classname="scripts.TechGlobalRadioButtonTest" name="checkBoxesTest" time="3.731"/>
  <system-out/>
</testsuite> <!-- scripts.TechGlobalRadioButtonTest -->
