<?xml version="1.0" encoding="UTF-8"?>
<!-- Generated by org.testng.reporters.JUnitReportReporter -->
<testsuite hostname="meldas-MacBook-Pro.local" failures="0" tests="1" name="scripts.TechGlobalLogoTest" time="3.235" errors="0" timestamp="2023-01-16T13:39:57 CST" skipped="0">
  <testcase classname="scripts.TechGlobalLogoTest" name="validateTechGlobalLogo" time="3.235"/>
  <system-out/>
</testsuite> <!-- scripts.TechGlobalLogoTest -->
